<?xml version="1.0" encoding="UTF-8"?>
<testsuite xmlns:xsi="http://www.w3.org/2001/XMLSchema-instance" xsi:noNamespaceSchemaLocation="https://maven.apache.org/surefire/maven-surefire-plugin/xsd/surefire-test-report-3.0.xsd" version="3.0" name="ru.vm5277.j8b.compiler.SemanticAnalyzerTests" time="0.04" tests="4" errors="0" skipped="0" failures="0">
  <properties>
    <property name="awt.toolkit" value="sun.awt.X11.XToolkit"/>
    <property name="file.encoding.pkg" value="sun.io"/>
    <property name="java.specification.version" value="1.8"/>
    <property name="sun.cpu.isalist" value=""/>
    <property name="sun.jnu.encoding" value="UTF-8"/>
    <property name="java.class.path" value="/media/kostas/repos/w5277c/vm5277_local/J8bCompiler/compiler_core/target/test-classes:/media/kostas/repos/w5277c/vm5277_local/J8bCompiler/compiler_core/target/classes:/home/kostas/.m2/repository/org/junit/jupiter/junit-jupiter-api/5.9.2/junit-jupiter-api-5.9.2.jar:/home/kostas/.m2/repository/org/opentest4j/opentest4j/1.2.0/opentest4j-1.2.0.jar:/home/kostas/.m2/repository/org/junit/platform/junit-platform-commons/1.9.2/junit-platform-commons-1.9.2.jar:/home/kostas/.m2/repository/org/apiguardian/apiguardian-api/1.1.2/apiguardian-api-1.1.2.jar:/home/kostas/.m2/repository/org/junit/jupiter/junit-jupiter-engine/5.9.2/junit-jupiter-engine-5.9.2.jar:/home/kostas/.m2/repository/org/junit/platform/junit-platform-engine/1.9.2/junit-platform-engine-1.9.2.jar:/home/kostas/.m2/repository/ru/vm5277/j8b/compiler/common/0.1/common-0.1.jar:"/>
    <property name="java.vm.vendor" value="BellSoft"/>
    <property name="sun.arch.data.model" value="64"/>
    <property name="java.vendor.url" value="https://bell-sw.com/"/>
    <property name="user.timezone" value=""/>
    <property name="java.vm.specification.version" value="1.8"/>
    <property name="os.name" value="Linux"/>
    <property name="sun.java.launcher" value="SUN_STANDARD"/>
    <property name="user.country" value="RU"/>
    <property name="sun.boot.library.path" value="/home/kostas/Java/jdk8u322-full/jre/lib/amd64"/>
    <property name="sun.java.command" value="/media/kostas/repos/w5277c/vm5277_local/J8bCompiler/compiler_core/target/surefire/surefirebooter-20250519224314874_3.jar /media/kostas/repos/w5277c/vm5277_local/J8bCompiler/compiler_core/target/surefire 2025-05-19T22-43-14_785-jvmRun1 surefire-20250519224314874_1tmp surefire_0-20250519224314874_2tmp"/>
    <property name="surefire.test.class.path" value="/media/kostas/repos/w5277c/vm5277_local/J8bCompiler/compiler_core/target/test-classes:/media/kostas/repos/w5277c/vm5277_local/J8bCompiler/compiler_core/target/classes:/home/kostas/.m2/repository/org/junit/jupiter/junit-jupiter-api/5.9.2/junit-jupiter-api-5.9.2.jar:/home/kostas/.m2/repository/org/opentest4j/opentest4j/1.2.0/opentest4j-1.2.0.jar:/home/kostas/.m2/repository/org/junit/platform/junit-platform-commons/1.9.2/junit-platform-commons-1.9.2.jar:/home/kostas/.m2/repository/org/apiguardian/apiguardian-api/1.1.2/apiguardian-api-1.1.2.jar:/home/kostas/.m2/repository/org/junit/jupiter/junit-jupiter-engine/5.9.2/junit-jupiter-engine-5.9.2.jar:/home/kostas/.m2/repository/org/junit/platform/junit-platform-engine/1.9.2/junit-platform-engine-1.9.2.jar:/home/kostas/.m2/repository/ru/vm5277/j8b/compiler/common/0.1/common-0.1.jar:"/>
    <property name="sun.cpu.endian" value="little"/>
    <property name="user.home" value="/home/kostas"/>
    <property name="user.language" value="ru"/>
    <property name="java.specification.vendor" value="Oracle Corporation"/>
    <property name="java.home" value="/home/kostas/Java/jdk8u322-full/jre"/>
    <property name="basedir" value="/media/kostas/repos/w5277c/vm5277_local/J8bCompiler/compiler_core"/>
    <property name="file.separator" value="/"/>
    <property name="line.separator" value="&#10;"/>
    <property name="java.vm.specification.vendor" value="Oracle Corporation"/>
    <property name="java.specification.name" value="Java Platform API Specification"/>
    <property name="java.awt.graphicsenv" value="sun.awt.X11GraphicsEnvironment"/>
    <property name="surefire.real.class.path" value="/media/kostas/repos/w5277c/vm5277_local/J8bCompiler/compiler_core/target/surefire/surefirebooter-20250519224314874_3.jar"/>
    <property name="sun.boot.class.path" value="/home/kostas/Java/jdk8u322-full/jre/lib/resources.jar:/home/kostas/Java/jdk8u322-full/jre/lib/rt.jar:/home/kostas/Java/jdk8u322-full/jre/lib/sunrsasign.jar:/home/kostas/Java/jdk8u322-full/jre/lib/jsse.jar:/home/kostas/Java/jdk8u322-full/jre/lib/jce.jar:/home/kostas/Java/jdk8u322-full/jre/lib/charsets.jar:/home/kostas/Java/jdk8u322-full/jre/lib/jfr.jar:/home/kostas/Java/jdk8u322-full/jre/classes"/>
    <property name="sun.management.compiler" value="HotSpot 64-Bit Tiered Compilers"/>
    <property name="java.runtime.version" value="1.8.0_322-b06"/>
    <property name="user.name" value="kostas"/>
    <property name="path.separator" value=":"/>
    <property name="os.version" value="6.1.0-33-amd64"/>
    <property name="java.endorsed.dirs" value="/home/kostas/Java/jdk8u322-full/jre/lib/endorsed"/>
    <property name="java.runtime.name" value="OpenJDK Runtime Environment"/>
    <property name="file.encoding" value="UTF-8"/>
    <property name="java.vm.name" value="OpenJDK 64-Bit Server VM"/>
    <property name="maven.ext.class.path" value="/usr/lib/apache-netbeans/java/maven-nblib/netbeans-eventspy.jar"/>
    <property name="localRepository" value="/home/kostas/.m2/repository"/>
    <property name="java.vendor.url.bug" value="https://bell-sw.com/support"/>
    <property name="java.io.tmpdir" value="/tmp"/>
    <property name="java.version" value="1.8.0_322"/>
    <property name="user.dir" value="/media/kostas/repos/w5277c/vm5277_local/J8bCompiler/compiler_core"/>
    <property name="os.arch" value="amd64"/>
    <property name="java.vm.specification.name" value="Java Virtual Machine Specification"/>
    <property name="java.awt.printerjob" value="sun.print.PSPrinterJob"/>
    <property name="sun.os.patch.level" value="unknown"/>
    <property name="java.library.path" value="/usr/java/packages/lib/amd64:/usr/lib64:/lib64:/lib:/usr/lib"/>
    <property name="java.vm.info" value="mixed mode"/>
    <property name="java.vendor" value="BellSoft"/>
    <property name="java.vm.version" value="25.322-b06"/>
    <property name="java.ext.dirs" value="/home/kostas/Java/jdk8u322-full/jre/lib/ext:/usr/java/packages/lib/ext"/>
    <property name="sun.io.unicode.encoding" value="UnicodeLittle"/>
    <property name="java.class.version" value="52.0"/>
  </properties>
  <testcase name="testVariableDeclarations" classname="ru.vm5277.j8b.compiler.SemanticAnalyzerTests" time="0.017"/>
  <testcase name="testTypeCompatibility" classname="ru.vm5277.j8b.compiler.SemanticAnalyzerTests" time="0.001"/>
  <testcase name="testBooleanOperations" classname="ru.vm5277.j8b.compiler.SemanticAnalyzerTests" time="0.001"/>
  <testcase name="testFixedPointOperations" classname="ru.vm5277.j8b.compiler.SemanticAnalyzerTests" time="0.001"/>
</testsuite>